[debug] [2021-11-19T17:19:14.820Z] ----------------------------------------------------------------------
[debug] [2021-11-19T17:19:14.822Z] Command:       C:\Program Files\nodejs\node.exe C:\Users\goce.bogdanovski\AppData\Roaming\npm\node_modules\firebase-tools\lib\bin\firebase.js emulators:start --project bc-webhooks-consumer --import=./firestore_data --export-on-exit
[debug] [2021-11-19T17:19:14.823Z] CLI Version:   9.22.0
[debug] [2021-11-19T17:19:14.823Z] Platform:      win32
[debug] [2021-11-19T17:19:14.823Z] Node Version:  v14.17.0
[debug] [2021-11-19T17:19:14.824Z] Time:          Fri Nov 19 2021 18:19:14 GMT+0100 (Средноевропско стандардно време)
[debug] [2021-11-19T17:19:14.824Z] ----------------------------------------------------------------------
[debug] 
[debug] [2021-11-19T17:19:14.883Z] Field ".emulators.firestore.port" in "firebase.json" is possibly invalid: should be number
[debug] [2021-11-19T17:19:14.888Z] > command requires scopes: ["email","openid","https://www.googleapis.com/auth/cloudplatformprojects.readonly","https://www.googleapis.com/auth/firebase","https://www.googleapis.com/auth/cloud-platform"]
[debug] [2021-11-19T17:19:14.888Z] > authorizing via signed-in user (gocebog@gmail.com)
[info] i  emulators: Starting emulators: firestore {"metadata":{"emulator":{"name":"hub"},"message":"Starting emulators: firestore"}}
[debug] [2021-11-19T17:19:14.919Z] [hub] writing locator at C:\Users\GOCE~1.BOG\AppData\Local\Temp\hub-bc-webhooks-consumer.json
[info] i  firestore: Importing data from D:\VsProjects\Projects\Attraqt\BigCommerce\bc-webhooks-consumer\firestore_data\firestore_export\firestore_export.overall_export_metadata {"metadata":{"emulator":{"name":"firestore"},"message":"Importing data from D:\\VsProjects\\Projects\\Attraqt\\BigCommerce\\bc-webhooks-consumer\\firestore_data\\firestore_export\\firestore_export.overall_export_metadata"}}
[debug] [2021-11-19T17:19:14.970Z] Ignoring unsupported arg: projectId {"metadata":{"emulator":{"name":"firestore"},"message":"Ignoring unsupported arg: projectId"}}
[debug] [2021-11-19T17:19:14.971Z] Ignoring unsupported arg: auto_download {"metadata":{"emulator":{"name":"firestore"},"message":"Ignoring unsupported arg: auto_download"}}
[debug] [2021-11-19T17:19:14.971Z] Starting Firestore Emulator with command {"binary":"java","args":["-Dgoogle.cloud_firestore.debug_log_level=FINE","-Duser.language=en","-jar","C:\\Users\\goce.bogdanovski\\.cache\\firebase\\emulators\\cloud-firestore-emulator-v1.13.1.jar","--host","localhost","--port",9090,"--seed_from_export","D:\\VsProjects\\Projects\\Attraqt\\BigCommerce\\bc-webhooks-consumer\\firestore_data\\firestore_export\\firestore_export.overall_export_metadata","--rules","D:\\VsProjects\\Projects\\Attraqt\\BigCommerce\\bc-webhooks-consumer\\firestore.rules"],"optionalArgs":["port","webchannel_port","host","rules","functions_emulator","seed_from_export"],"joinArgs":false} {"metadata":{"emulator":{"name":"firestore"},"message":"Starting Firestore Emulator with command {\"binary\":\"java\",\"args\":[\"-Dgoogle.cloud_firestore.debug_log_level=FINE\",\"-Duser.language=en\",\"-jar\",\"C:\\\\Users\\\\goce.bogdanovski\\\\.cache\\\\firebase\\\\emulators\\\\cloud-firestore-emulator-v1.13.1.jar\",\"--host\",\"localhost\",\"--port\",9090,\"--seed_from_export\",\"D:\\\\VsProjects\\\\Projects\\\\Attraqt\\\\BigCommerce\\\\bc-webhooks-consumer\\\\firestore_data\\\\firestore_export\\\\firestore_export.overall_export_metadata\",\"--rules\",\"D:\\\\VsProjects\\\\Projects\\\\Attraqt\\\\BigCommerce\\\\bc-webhooks-consumer\\\\firestore.rules\"],\"optionalArgs\":[\"port\",\"webchannel_port\",\"host\",\"rules\",\"functions_emulator\",\"seed_from_export\"],\"joinArgs\":false}"}}
[info] i  firestore: Firestore Emulator logging to firestore-debug.log {"metadata":{"emulator":{"name":"firestore"},"message":"Firestore Emulator logging to \u001b[1mfirestore-debug.log\u001b[22m"}}
[warn] !  ui: Emulator UI unable to start on port 4000, starting on 4002 instead. {"metadata":{"emulator":{"name":"ui"},"message":"Emulator UI unable to start on port 4000, starting on 4002 instead."}}
[debug] [2021-11-19T17:19:16.597Z] Ignoring unsupported arg: auto_download {"metadata":{"emulator":{"name":"ui"},"message":"Ignoring unsupported arg: auto_download"}}
[debug] [2021-11-19T17:19:16.597Z] Ignoring unsupported arg: port {"metadata":{"emulator":{"name":"ui"},"message":"Ignoring unsupported arg: port"}}
[debug] [2021-11-19T17:19:16.598Z] Starting Emulator UI with command {"binary":"node","args":["C:\\Users\\goce.bogdanovski\\.cache\\firebase\\emulators\\ui-v1.6.4\\server.bundle.js"],"optionalArgs":[],"joinArgs":false} {"metadata":{"emulator":{"name":"ui"},"message":"Starting Emulator UI with command {\"binary\":\"node\",\"args\":[\"C:\\\\Users\\\\goce.bogdanovski\\\\.cache\\\\firebase\\\\emulators\\\\ui-v1.6.4\\\\server.bundle.js\"],\"optionalArgs\":[],\"joinArgs\":false}"}}
[info] i  ui: Emulator UI logging to ui-debug.log {"metadata":{"emulator":{"name":"ui"},"message":"Emulator UI logging to \u001b[1mui-debug.log\u001b[22m"}}
[debug] [2021-11-19T17:19:16.729Z] Web / API server started at localhost:4002
 {"metadata":{"emulator":{"name":"ui"},"message":"Web / API server started at localhost:4002\n"}}
[info] 
┌─────────────────────────────────────────────────────────────┐
│ ✔  All emulators ready! It is now safe to connect your app. │
│ i  View Emulator UI at http://localhost:4002                │
└─────────────────────────────────────────────────────────────┘

┌───────────┬────────────────┬─────────────────────────────────┐
│ Emulator  │ Host:Port      │ View in Emulator UI             │
├───────────┼────────────────┼─────────────────────────────────┤
│ Firestore │ localhost:9090 │ http://localhost:4002/firestore │
└───────────┴────────────────┴─────────────────────────────────┘
  Emulator Hub running at localhost:4400
  Other reserved ports: 4500

Issues? Report them at https://github.com/firebase/firebase-tools/issues and attach the *-debug.log files.
 
